Vivado Simulator 2018.2
Copyright 1986-1999, 2001-2018 Xilinx, Inc. All Rights Reserved.
Running: C:/Xilinx/Vivado/2018.2/bin/unwrapped/win64.o/xelab.exe -wto b0273f1ea08343f58dfcb3aff6f9e1b8 --incr --debug typical --relax --mt 2 -L xil_defaultlib -L unisims_ver -L secureip --snapshot function_tb_func_impl xil_defaultlib.function_tb xil_defaultlib.glbl -log elaborate.log 
Using 2 slave threads.
Starting static elaboration
Completed static elaboration
Starting simulation data flow analysis
Completed simulation data flow analysis
Time Resolution for simulation is 1ps
Compiling package std.standard
Compiling package std.textio
Compiling package ieee.std_logic_1164
Compiling package xil_defaultlib.artificial_neuron_utils
Compiling package ieee.numeric_std
Compiling package unisim.vcomponents
Compiling package ieee.vital_timing
Compiling package ieee.vital_primitives
Compiling package unisim.vpkg
Compiling package ieee.std_logic_arith
Compiling package ieee.std_logic_signed
Compiling package ieee.std_logic_textio
Compiling module xil_defaultlib.glbl
Compiling architecture lut2_v of entity unisim.LUT2 [\LUT2(init="0110")(0,3)\]
Compiling architecture lut2_v of entity unisim.LUT2 [\LUT2(init="1000")(0,3)\]
Compiling architecture structure of entity xil_defaultlib.FA_19 [fa_19_default]
Compiling architecture lut3_v of entity unisim.LUT3 [\LUT3(init="10010110")(0,7)\]
Compiling architecture structure of entity xil_defaultlib.FA_20 [fa_20_default]
Compiling architecture structure of entity xil_defaultlib.FA_21 [fa_21_default]
Compiling architecture structure of entity xil_defaultlib.FA_22 [fa_22_default]
Compiling architecture structure of entity xil_defaultlib.RCA_4b [rca_4b_default]
Compiling architecture structure of entity xil_defaultlib.FA_15 [fa_15_default]
Compiling architecture structure of entity xil_defaultlib.FA_16 [fa_16_default]
Compiling architecture structure of entity xil_defaultlib.FA_17 [fa_17_default]
Compiling architecture structure of entity xil_defaultlib.FA_18 [fa_18_default]
Compiling architecture structure of entity xil_defaultlib.RCA_4b_0 [rca_4b_0_default]
Compiling architecture structure of entity xil_defaultlib.FA_11 [fa_11_default]
Compiling architecture structure of entity xil_defaultlib.FA_12 [fa_12_default]
Compiling architecture structure of entity xil_defaultlib.FA_13 [fa_13_default]
Compiling architecture structure of entity xil_defaultlib.FA_14 [fa_14_default]
Compiling architecture structure of entity xil_defaultlib.RCA_4b_1 [rca_4b_1_default]
Compiling architecture structure of entity xil_defaultlib.FA_7 [fa_7_default]
Compiling architecture structure of entity xil_defaultlib.FA_8 [fa_8_default]
Compiling architecture structure of entity xil_defaultlib.FA_9 [fa_9_default]
Compiling architecture structure of entity xil_defaultlib.FA_10 [fa_10_default]
Compiling architecture structure of entity xil_defaultlib.RCA_4b_2 [rca_4b_2_default]
Compiling architecture structure of entity xil_defaultlib.FA [fa_default]
Compiling architecture structure of entity xil_defaultlib.FA_4 [fa_4_default]
Compiling architecture structure of entity xil_defaultlib.FA_5 [fa_5_default]
Compiling architecture structure of entity xil_defaultlib.FA_6 [fa_6_default]
Compiling architecture structure of entity xil_defaultlib.RCA_4b_3 [rca_4b_3_default]
Compiling architecture structure of entity xil_defaultlib.CSA [csa_default]
Compiling architecture lut3_v of entity unisim.LUT3 [\LUT3(init="00001000")(0,7)\]
Compiling architecture lut5_v of entity unisim.LUT5 [\LUT5(init="00000000000000001011...]
Compiling architecture lut1_v of entity unisim.LUT1 [\LUT1(init="0001")(0,3)\]
Compiling architecture carry4_v of entity unisim.CARRY4 [carry4_default]
Compiling architecture dsp48e1_v of entity unisim.DSP48E1 [\DSP48E1(acascreg=0,alumodereg=0...]
Compiling architecture lut5_v of entity unisim.LUT5 [\LUT5(init="01010111000000001010...]
Compiling architecture lut5_v of entity unisim.LUT5 [\LUT5(init="00000000000000000000...]
Compiling architecture lut3_v of entity unisim.LUT3 [\LUT3(init="11111110")(0,7)\]
Compiling architecture lut2_v of entity unisim.LUT2 [\LUT2(init="1110")(0,3)\]
Compiling architecture lut2_v of entity unisim.LUT2 [\LUT2(init="0001")(0,3)\]
Compiling architecture lut5_v of entity unisim.LUT5 [\LUT5(init="01001000110000000100...]
Compiling architecture lut6_v of entity unisim.LUT6 [\LUT6(init="01001000010010000100...]
Compiling architecture lut5_v of entity unisim.LUT5 [\LUT5(init="00110000110000001111...]
Compiling architecture lut6_v of entity unisim.LUT6 [\LUT6(init="00101000100010000010...]
Compiling architecture lut6_v of entity unisim.LUT6 [\LUT6(init="00001111111110000000...]
Compiling architecture lut6_v of entity unisim.LUT6 [\LUT6(init="10001000100010001000...]
Compiling architecture lut5_v of entity unisim.LUT5 [\LUT5(init="11111111111111111111...]
Compiling architecture lut4_v of entity unisim.LUT4 [\LUT4(init="1111111111111110")(0...]
Compiling architecture structure of entity xil_defaultlib.dadda_multi [dadda_multi_default]
Compiling architecture rb18_internal_vhdl_v of entity unisim.RB18_INTERNAL_VHDL [\RB18_INTERNAL_VHDL(bram_size=18...]
Compiling architecture ramb18e1_v of entity unisim.RAMB18E1 [\RAMB18E1(init_00="0000000000000...]
Compiling architecture structure of entity xil_defaultlib.\ROM_weights_a21__blk_mem_gen_prim_wrapper_init\ [\ROM_weights_a21__blk_mem_gen_pr...]
Compiling architecture structure of entity xil_defaultlib.\ROM_weights_a21__blk_mem_gen_prim_width\ [\ROM_weights_a21__blk_mem_gen_pr...]
Compiling architecture structure of entity xil_defaultlib.\ROM_weights_a21__blk_mem_gen_generic_cstr\ [\ROM_weights_a21__blk_mem_gen_ge...]
Compiling architecture structure of entity xil_defaultlib.\ROM_weights_a21__blk_mem_gen_top\ [\ROM_weights_a21__blk_mem_gen_to...]
Compiling architecture structure of entity xil_defaultlib.\ROM_weights_a21__blk_mem_gen_v8_4_1_synth\ [\ROM_weights_a21__blk_mem_gen_v8...]
Compiling architecture structure of entity xil_defaultlib.\ROM_weights_a21__blk_mem_gen_v8_4_1\ [\ROM_weights_a21__blk_mem_gen_v8...]
Compiling architecture structure of entity xil_defaultlib.ROM_weights_a21 [rom_weights_a21_default]
Compiling architecture lut2_v of entity unisim.LUT2 [\LUT2(init="0010")(0,3)\]
Compiling architecture lut6_v of entity unisim.LUT6 [\LUT6(init="11111111111111111111...]
Compiling architecture fdce_v of entity unisim.FDCE [fdce_default]
Compiling architecture lut6_v of entity unisim.LUT6 [\LUT6(init="11111111111111111111...]
Compiling architecture lut5_v of entity unisim.LUT5 [\LUT5(init="10000000000000001111...]
Compiling architecture lut6_v of entity unisim.LUT6 [\LUT6(init="00000000000000000000...]
Compiling architecture lut6_v of entity unisim.LUT6 [\LUT6(init="01111111111111111111...]
Compiling architecture lut3_v of entity unisim.LUT3 [\LUT3(init="01111111")(0,7)\]
Compiling architecture lut5_v of entity unisim.LUT5 [\LUT5(init="01000100010011110100...]
Compiling architecture lut6_v of entity unisim.LUT6 [\LUT6(init="00000000000000000000...]
Compiling architecture lut5_v of entity unisim.LUT5 [\LUT5(init="11011111111111111111...]
Compiling architecture lut6_v of entity unisim.LUT6 [\LUT6(init="11110000111100000000...]
Compiling architecture lut6_v of entity unisim.LUT6 [\LUT6(init="10001000100010001000...]
Compiling architecture lut3_v of entity unisim.LUT3 [\LUT3(init="00011111")(0,7)\]
Compiling architecture lut6_v of entity unisim.LUT6 [\LUT6(init="10110000000000001111...]
Compiling architecture lut2_v of entity unisim.LUT2 [\LUT2(init="0111")(0,3)\]
Compiling architecture lut5_v of entity unisim.LUT5 [\LUT5(init="11111111111111101111...]
Compiling architecture lut6_v of entity unisim.LUT6 [\LUT6(init="00000000000000000000...]
Compiling architecture lut5_v of entity unisim.LUT5 [\LUT5(init="11101010101010101010...]
Compiling architecture lut6_v of entity unisim.LUT6 [\LUT6(init="00000000000000000000...]
Compiling architecture lut6_v of entity unisim.LUT6 [\LUT6(init="00000000000000000000...]
Compiling architecture lut6_v of entity unisim.LUT6 [\LUT6(init="11111111111111111111...]
Compiling architecture lut6_v of entity unisim.LUT6 [\LUT6(init="00000000000000000000...]
Compiling architecture lut3_v of entity unisim.LUT3 [\LUT3(init="11110100")(0,7)\]
Compiling architecture lut6_v of entity unisim.LUT6 [\LUT6(init="00000000001000100011...]
Compiling architecture lut3_v of entity unisim.LUT3 [\LUT3(init="01010100")(0,7)\]
Compiling architecture lut5_v of entity unisim.LUT5 [\LUT5(init="10001010101010101010...]
Compiling architecture lut5_v of entity unisim.LUT5 [\LUT5(init="01010101010101010101...]
Compiling architecture lut6_v of entity unisim.LUT6 [\LUT6(init="11111111111111111111...]
Compiling architecture lut5_v of entity unisim.LUT5 [\LUT5(init="00000000000000000011...]
Compiling architecture dsp48e1_v of entity unisim.DSP48E1 [\DSP48E1(alumodereg=0,carryinreg...]
Compiling architecture lut3_v of entity unisim.LUT3 [\LUT3(init="11101000")(0,7)\]
Compiling architecture lut5_v of entity unisim.LUT5 [\LUT5(init="11111111111111110000...]
Compiling architecture lut3_v of entity unisim.LUT3 [\LUT3(init="11100000")(0,7)\]
Compiling architecture structure of entity xil_defaultlib.Artificial_Neuron_a21 [artificial_neuron_a21_default]
Compiling architecture obuf_v of entity unisim.OBUF [\OBUF(1,9)(1,7)(1,4)\]
Compiling architecture fdre_v of entity unisim.FDRE [fdre_default]
Compiling architecture lut4_v of entity unisim.LUT4 [\LUT4(init="1111111111101111")(0...]
Compiling architecture fdre_v of entity unisim.FDRE [\FDRE(init='1')\]
Compiling architecture lut3_v of entity unisim.LUT3 [\LUT3(init="11101111")(0,7)\]
Compiling architecture fdse_v of entity unisim.FDSE [fdse_default]
Compiling architecture lut3_v of entity unisim.LUT3 [\LUT3(init="10111111")(0,7)\]
Compiling architecture lut3_v of entity unisim.LUT3 [\LUT3(init="11110111")(0,7)\]
Compiling architecture lut3_v of entity unisim.LUT3 [\LUT3(init="11011111")(0,7)\]
Compiling architecture bufg_v of entity unisim.BUFG [bufg_default]
Compiling architecture ibuf_v of entity unisim.IBUF [\IBUF(1,9)(1,1)(1,4)(1,7)\]
Compiling architecture mmcme2_adv_v of entity unisim.MMCME2_ADV [\MMCME2_ADV(clkfbout_mult_f=10.0...]
Compiling architecture structure of entity xil_defaultlib.\clk_77_MHz__clk_77_MHz_clk_wiz\ [\clk_77_MHz__clk_77_MHz_clk_wiz_...]
Compiling architecture structure of entity xil_defaultlib.clk_77_MHz [clk_77_mhz_default]
Compiling architecture lut6_v of entity unisim.LUT6 [\LUT6(init="00000000000000000000...]
Compiling architecture lut4_v of entity unisim.LUT4 [\LUT4(init="1110111111111111")(0...]
Compiling architecture lut6_v of entity unisim.LUT6 [\LUT6(init="11111011111111111111...]
Compiling architecture fdse_v of entity unisim.FDSE [\FDSE(init='0')\]
Compiling architecture lut6_v of entity unisim.LUT6 [\LUT6(init="11111000111111111111...]
Compiling architecture lut6_v of entity unisim.LUT6 [\LUT6(init="10000000000000000000...]
Compiling architecture lut6_v of entity unisim.LUT6 [\LUT6(init="00000000100000001000...]
Compiling architecture structure of entity xil_defaultlib.AND_function [and_function_default]
Compiling architecture behavioral of entity xil_defaultlib.function_tb
Built simulation snapshot function_tb_func_impl
