INFO: [VRFC 10-163] Analyzing VHDL file "C:/Users/srome/Desktop/ETSIT/TFG/Pablo Ituero/FPGA y Vivado/ArtificialNeuron/ArtificialNeuron.sim/sim_1/impl/func/xsim/function_tb_func_impl.vhd" into library xil_defaultlib
INFO: [VRFC 10-307] analyzing entity FA
INFO: [VRFC 10-307] analyzing entity FA_10
INFO: [VRFC 10-307] analyzing entity FA_11
INFO: [VRFC 10-307] analyzing entity FA_12
INFO: [VRFC 10-307] analyzing entity FA_13
INFO: [VRFC 10-307] analyzing entity FA_14
INFO: [VRFC 10-307] analyzing entity FA_15
INFO: [VRFC 10-307] analyzing entity FA_16
INFO: [VRFC 10-307] analyzing entity FA_17
INFO: [VRFC 10-307] analyzing entity FA_18
INFO: [VRFC 10-307] analyzing entity FA_19
INFO: [VRFC 10-307] analyzing entity FA_20
INFO: [VRFC 10-307] analyzing entity FA_21
INFO: [VRFC 10-307] analyzing entity FA_22
INFO: [VRFC 10-307] analyzing entity FA_4
INFO: [VRFC 10-307] analyzing entity FA_5
INFO: [VRFC 10-307] analyzing entity FA_6
INFO: [VRFC 10-307] analyzing entity FA_7
INFO: [VRFC 10-307] analyzing entity FA_8
INFO: [VRFC 10-307] analyzing entity FA_9
INFO: [VRFC 10-307] analyzing entity \clk_77_MHz__clk_77_MHz_clk_wiz\
INFO: [VRFC 10-307] analyzing entity dadda_multi
INFO: [VRFC 10-307] analyzing entity \ROM_weights_a21__blk_mem_gen_prim_wrapper_init\
INFO: [VRFC 10-307] analyzing entity RCA_4b
INFO: [VRFC 10-307] analyzing entity RCA_4b_0
INFO: [VRFC 10-307] analyzing entity RCA_4b_1
INFO: [VRFC 10-307] analyzing entity RCA_4b_2
INFO: [VRFC 10-307] analyzing entity RCA_4b_3
INFO: [VRFC 10-307] analyzing entity clk_77_MHz
INFO: [VRFC 10-307] analyzing entity \ROM_weights_a21__blk_mem_gen_prim_width\
INFO: [VRFC 10-307] analyzing entity CSA
INFO: [VRFC 10-307] analyzing entity \ROM_weights_a21__blk_mem_gen_generic_cstr\
INFO: [VRFC 10-307] analyzing entity \ROM_weights_a21__blk_mem_gen_top\
INFO: [VRFC 10-307] analyzing entity \ROM_weights_a21__blk_mem_gen_v8_4_1_synth\
INFO: [VRFC 10-307] analyzing entity \ROM_weights_a21__blk_mem_gen_v8_4_1\
INFO: [VRFC 10-307] analyzing entity ROM_weights_a21
INFO: [VRFC 10-307] analyzing entity Artificial_Neuron_a21
INFO: [VRFC 10-307] analyzing entity AND_function
INFO: [VRFC 10-163] Analyzing VHDL file "C:/Users/srome/Desktop/ETSIT/TFG/Pablo Ituero/FPGA y Vivado/ArtificialNeuron/ArtificialNeuron.srcs/sim_1/new/function_tb.vhd" into library xil_defaultlib
INFO: [VRFC 10-307] analyzing entity function_tb
